2025-09-10 16:15:55 Loading main app package /tmp/.mount_Obsidi5Bga1J/resources/obsidian.asar
2025-09-10 16:15:55 Checking for update using Github
2025-09-10 16:15:56 Success.
2025-09-10 16:15:56 Latest version is 1.9.12
2025-09-10 16:15:56 App is up to date.
2025-09-10 16:16:20 Loading main app package /tmp/.mount_ObsidixAHoiy/resources/obsidian.asar
2025-09-10 16:16:21 Checking for update using Github
2025-09-10 16:16:21 Success.
2025-09-10 16:16:21 Latest version is 1.9.12
2025-09-10 16:16:21 App is up to date.
2025-09-10 16:19:25 Loading main app package /tmp/.mount_ObsidilPOeEZ/resources/obsidian.asar
2025-09-10 16:19:26 Checking for update using Github
2025-09-10 16:19:26 Success.
2025-09-10 16:19:26 Latest version is 1.9.12
2025-09-10 16:19:26 App is up to date.
2025-09-11 06:19:06 Loading main app package /tmp/.mount_Obsidi96wfck/resources/obsidian.asar
2025-09-11 06:19:06 Checking for update using Github
2025-09-11 06:19:06 Success.
2025-09-11 06:19:06 Latest version is 1.9.12
2025-09-11 06:19:06 App is up to date.
2025-09-11 07:19:06 Checking for update using Github
2025-09-11 07:19:06 Success.
2025-09-11 07:19:06 Latest version is 1.9.12
2025-09-11 07:19:06 App is up to date.
2025-09-11 08:19:06 Checking for update using Github
2025-09-11 08:19:06 Success.
2025-09-11 08:19:06 Latest version is 1.9.12
2025-09-11 08:19:06 App is up to date.
2025-09-11 08:25:46 Loading main app package /tmp/.mount_Obsidi0jhkkW/resources/obsidian.asar
2025-09-11 08:25:46 Checking for update using Github
2025-09-11 08:25:47 Success.
2025-09-11 08:25:47 Latest version is 1.9.12
2025-09-11 08:25:47 App is up to date.
2025-09-11 08:27:27 Loading main app package /tmp/.mount_ObsidiekClEq/resources/obsidian.asar
2025-09-11 08:27:28 Checking for update using Github
2025-09-11 08:27:28 Success.
2025-09-11 08:27:28 Latest version is 1.9.12
2025-09-11 08:27:28 App is up to date.
